# JRE version: OpenJDK Runtime Environment (8.0_152-b02) (build 1.8.0_152-release-1024-b02)
# Java VM: OpenJDK 64-Bit Server VM (25.152-b02 mixed mode windows-amd64 compressed oops)
Heap:
 PSYoungGen      total 200192K, used 34311K [0x00000000e0000000, 0x00000000ecf80000, 0x0000000100000000)
  eden space 187904K, 11% used [0x00000000e0000000,0x00000000e1586758,0x00000000eb780000)
  from space 12288K, 99% used [0x00000000eb780000,0x00000000ec37b858,0x00000000ec380000)
  to   space 8704K, 0% used [0x00000000ec700000,0x00000000ec700000,0x00000000ecf80000)
 ParOldGen       total 109056K, used 59473K [0x00000000a0000000, 0x00000000a6a80000, 0x00000000e0000000)
  object space 109056K, 54% used [0x00000000a0000000,0x00000000a3a14500,0x00000000a6a80000)
 Metaspace       used 73093K, capacity 76398K, committed 76632K, reserved 1116160K
  class space    used 9451K, capacity 10274K, committed 10368K, reserved 1048576K
GC Heap History (10 events):
Event: 161.306 GC heap before
{Heap before GC invocations=22 (full 3):
 PSYoungGen      total 144384K, used 143993K [0x00000000e0000000, 0x00000000ea300000, 0x0000000100000000)
  eden space 135168K, 100% used [0x00000000e0000000,0x00000000e8400000,0x00000000e8400000)
  from space 9216K, 95% used [0x00000000e9a00000,0x00000000ea29e618,0x00000000ea300000)
  to   space 12800K, 0% used [0x00000000e8a00000,0x00000000e8a00000,0x00000000e9680000)
 ParOldGen       total 109056K, used 42326K [0x00000000a0000000, 0x00000000a6a80000, 0x00000000e0000000)
  object space 109056K, 38% used [0x00000000a0000000,0x00000000a2955890,0x00000000a6a80000)
 Metaspace       used 63704K, capacity 66218K, committed 66392K, reserved 1105920K
  class space    used 8454K, capacity 9081K, committed 9088K, reserved 1048576K
Event: 161.337 GC heap after
Heap after GC invocations=22 (full 3):
 PSYoungGen      total 154112K, used 4851K [0x00000000e0000000, 0x00000000eb880000, 0x0000000100000000)
  eden space 141312K, 0% used [0x00000000e0000000,0x00000000e0000000,0x00000000e8a00000)
  from space 12800K, 37% used [0x00000000e8a00000,0x00000000e8ebcff8,0x00000000e9680000)
  to   space 12288K, 0% used [0x00000000eac80000,0x00000000eac80000,0x00000000eb880000)
 ParOldGen       total 109056K, used 45505K [0x00000000a0000000, 0x00000000a6a80000, 0x00000000e0000000)
  object space 109056K, 41% used [0x00000000a0000000,0x00000000a2c70758,0x00000000a6a80000)
 Metaspace       used 63704K, capacity 66218K, committed 66392K, reserved 1105920K
  class space    used 8454K, capacity 9081K, committed 9088K, reserved 1048576K
}
Event: 352.420 GC heap before
{Heap before GC invocations=23 (full 3):
 PSYoungGen      total 154112K, used 146163K [0x00000000e0000000, 0x00000000eb880000, 0x0000000100000000)
  eden space 141312K, 100% used [0x00000000e0000000,0x00000000e8a00000,0x00000000e8a00000)
  from space 12800K, 37% used [0x00000000e8a00000,0x00000000e8ebcff8,0x00000000e9680000)
  to   space 12288K, 0% used [0x00000000eac80000,0x00000000eac80000,0x00000000eb880000)
 ParOldGen       total 109056K, used 45505K [0x00000000a0000000, 0x00000000a6a80000, 0x00000000e0000000)
  object space 109056K, 41% used [0x00000000a0000000,0x00000000a2c70758,0x00000000a6a80000)
 Metaspace       used 66546K, capacity 69462K, committed 69720K, reserved 1110016K
  class space    used 8759K, capacity 9498K, committed 9600K, reserved 1048576K
Event: 352.463 GC heap after
Heap after GC invocations=23 (full 3):
 PSYoungGen      total 176640K, used 7550K [0x00000000e0000000, 0x00000000ebc00000, 0x0000000100000000)
  eden space 164352K, 0% used [0x00000000e0000000,0x00000000e0000000,0x00000000ea080000)
  from space 12288K, 61% used [0x00000000eac80000,0x00000000eb3df898,0x00000000eb880000)
  to   space 12288K, 0% used [0x00000000ea080000,0x00000000ea080000,0x00000000eac80000)
 ParOldGen       total 109056K, used 48188K [0x00000000a0000000, 0x00000000a6a80000, 0x00000000e0000000)
  object space 109056K, 44% used [0x00000000a0000000,0x00000000a2f0f0e0,0x00000000a6a80000)
 Metaspace       used 66546K, capacity 69462K, committed 69720K, reserved 1110016K
  class space    used 8759K, capacity 9498K, committed 9600K, reserved 1048576K
}
Event: 422.503 GC heap before
{Heap before GC invocations=24 (full 3):
 PSYoungGen      total 176640K, used 171902K [0x00000000e0000000, 0x00000000ebc00000, 0x0000000100000000)
  eden space 164352K, 100% used [0x00000000e0000000,0x00000000ea080000,0x00000000ea080000)
  from space 12288K, 61% used [0x00000000eac80000,0x00000000eb3df898,0x00000000eb880000)
  to   space 12288K, 0% used [0x00000000ea080000,0x00000000ea080000,0x00000000eac80000)
 ParOldGen       total 109056K, used 48188K [0x00000000a0000000, 0x00000000a6a80000, 0x00000000e0000000)
  object space 109056K, 44% used [0x00000000a0000000,0x00000000a2f0f0e0,0x00000000a6a80000)
 Metaspace       used 67338K, capacity 70582K, committed 70744K, reserved 1110016K
  class space    used 8817K, capacity 9594K, committed 9600K, reserved 1048576K
Event: 422.524 GC heap after
Heap after GC invocations=24 (full 3):
 PSYoungGen      total 176640K, used 9120K [0x00000000e0000000, 0x00000000ed380000, 0x0000000100000000)
  eden space 164352K, 0% used [0x00000000e0000000,0x00000000e0000000,0x00000000ea080000)
  from space 12288K, 74% used [0x00000000ea080000,0x00000000ea968040,0x00000000eac80000)
  to   space 12800K, 0% used [0x00000000ec700000,0x00000000ec700000,0x00000000ed380000)
 ParOldGen       total 109056K, used 48196K [0x00000000a0000000, 0x00000000a6a80000, 0x00000000e0000000)
  object space 109056K, 44% used [0x00000000a0000000,0x00000000a2f110e0,0x00000000a6a80000)
 Metaspace       used 67338K, capacity 70582K, committed 70744K, reserved 1110016K
  class space    used 8817K, capacity 9594K, committed 9600K, reserved 1048576K
}
Event: 428.064 GC heap before
{Heap before GC invocations=25 (full 3):
 PSYoungGen      total 176640K, used 173472K [0x00000000e0000000, 0x00000000ed380000, 0x0000000100000000)
  eden space 164352K, 100% used [0x00000000e0000000,0x00000000ea080000,0x00000000ea080000)
  from space 12288K, 74% used [0x00000000ea080000,0x00000000ea968040,0x00000000eac80000)
  to   space 12800K, 0% used [0x00000000ec700000,0x00000000ec700000,0x00000000ed380000)
 ParOldGen       total 109056K, used 48196K [0x00000000a0000000, 0x00000000a6a80000, 0x00000000e0000000)
  object space 109056K, 44% used [0x00000000a0000000,0x00000000a2f110e0,0x00000000a6a80000)
 Metaspace       used 67606K, capacity 70794K, committed 71000K, reserved 1110016K
  class space    used 8846K, capacity 9598K, committed 9600K, reserved 1048576K
Event: 428.089 GC heap after
Heap after GC invocations=25 (full 3):
 PSYoungGen      total 196608K, used 6304K [0x00000000e0000000, 0x00000000ecf80000, 0x0000000100000000)
  eden space 187904K, 0% used [0x00000000e0000000,0x00000000e0000000,0x00000000eb780000)
  from space 8704K, 72% used [0x00000000ec700000,0x00000000ecd28060,0x00000000ecf80000)
  to   space 12288K, 0% used [0x00000000eb780000,0x00000000eb780000,0x00000000ec380000)
 ParOldGen       total 109056K, used 48204K [0x00000000a0000000, 0x00000000a6a80000, 0x00000000e0000000)
  object space 109056K, 44% used [0x00000000a0000000,0x00000000a2f130e0,0x00000000a6a80000)
 Metaspace       used 67606K, capacity 70794K, committed 71000K, reserved 1110016K
  class space    used 8846K, capacity 9598K, committed 9600K, reserved 1048576K
}
Event: 433.098 GC heap before
{Heap before GC invocations=26 (full 3):
 PSYoungGen      total 196608K, used 194208K [0x00000000e0000000, 0x00000000ecf80000, 0x0000000100000000)
  eden space 187904K, 100% used [0x00000000e0000000,0x00000000eb780000,0x00000000eb780000)
  from space 8704K, 72% used [0x00000000ec700000,0x00000000ecd28060,0x00000000ecf80000)
  to   space 12288K, 0% used [0x00000000eb780000,0x00000000eb780000,0x00000000ec380000)
 ParOldGen       total 109056K, used 48204K [0x00000000a0000000, 0x00000000a6a80000, 0x00000000e0000000)
  object space 109056K, 44% used [0x00000000a0000000,0x00000000a2f130e0,0x00000000a6a80000)
 Metaspace       used 72530K, capacity 75790K, committed 76120K, reserved 1116160K
  class space    used 9441K, capacity 10242K, committed 10368K, reserved 1048576K
Event: 433.171 GC heap after
Heap after GC invocations=26 (full 3):
 PSYoungGen      total 200192K, used 12270K [0x00000000e0000000, 0x00000000ecf80000, 0x0000000100000000)
  eden space 187904K, 0% used [0x00000000e0000000,0x00000000e0000000,0x00000000eb780000)
  from space 12288K, 99% used [0x00000000eb780000,0x00000000ec37b858,0x00000000ec380000)
  to   space 8704K, 0% used [0x00000000ec700000,0x00000000ec700000,0x00000000ecf80000)
 ParOldGen       total 109056K, used 59473K [0x00000000a0000000, 0x00000000a6a80000, 0x00000000e0000000)
  object space 109056K, 54% used [0x00000000a0000000,0x00000000a3a14500,0x00000000a6a80000)
 Metaspace       used 72530K, capacity 75790K, committed 76120K, reserved 1116160K
  class space    used 9441K, capacity 10242K, committed 10368K, reserved 1048576K
}

