# JRE version: OpenJDK Runtime Environment (8.0_152-b02) (build 1.8.0_152-release-1024-b02)
# Java VM: OpenJDK 64-Bit Server VM (25.152-b02 mixed mode windows-amd64 compressed oops)
Heap:
 PSYoungGen      total 212992K, used 191347K [0x00000000e0000000, 0x00000000eeb80000, 0x0000000100000000)
  eden space 189952K, 89% used [0x00000000e0000000,0x00000000ea62d068,0x00000000eb980000)
  from space 23040K, 91% used [0x00000000ed480000,0x00000000ee92ff08,0x00000000eeb00000)
  to   space 25600K, 0% used [0x00000000eb980000,0x00000000eb980000,0x00000000ed280000)
 ParOldGen       total 153088K, used 44414K [0x00000000a0000000, 0x00000000a9580000, 0x00000000e0000000)
  object space 153088K, 29% used [0x00000000a0000000,0x00000000a2b5fbc0,0x00000000a9580000)
 Metaspace       used 69373K, capacity 71796K, committed 71936K, reserved 1112064K
  class space    used 9099K, capacity 9711K, committed 9728K, reserved 1048576K
GC Heap History (10 events):
Event: 26.860 GC heap before
{Heap before GC invocations=15 (full 2):
 PSYoungGen      total 128512K, used 128496K [0x00000000e0000000, 0x00000000e9900000, 0x0000000100000000)
  eden space 114176K, 100% used [0x00000000e0000000,0x00000000e6f80000,0x00000000e6f80000)
  from space 14336K, 99% used [0x00000000e8100000,0x00000000e8efc060,0x00000000e8f00000)
  to   space 17920K, 0% used [0x00000000e6f80000,0x00000000e6f80000,0x00000000e8100000)
 ParOldGen       total 98304K, used 24104K [0x00000000a0000000, 0x00000000a6000000, 0x00000000e0000000)
  object space 98304K, 24% used [0x00000000a0000000,0x00000000a178a028,0x00000000a6000000)
 Metaspace       used 55120K, capacity 56882K, committed 57088K, reserved 1097728K
  class space    used 7648K, capacity 8088K, committed 8192K, reserved 1048576K
Event: 26.927 GC heap after
Heap after GC invocations=15 (full 2):
 PSYoungGen      total 132096K, used 17896K [0x00000000e0000000, 0x00000000ec580000, 0x0000000100000000)
  eden space 114176K, 0% used [0x00000000e0000000,0x00000000e0000000,0x00000000e6f80000)
  from space 17920K, 99% used [0x00000000e6f80000,0x00000000e80fa060,0x00000000e8100000)
  to   space 23552K, 0% used [0x00000000eae80000,0x00000000eae80000,0x00000000ec580000)
 ParOldGen       total 98304K, used 33463K [0x00000000a0000000, 0x00000000a6000000, 0x00000000e0000000)
  object space 98304K, 34% used [0x00000000a0000000,0x00000000a20adea8,0x00000000a6000000)
 Metaspace       used 55120K, capacity 56882K, committed 57088K, reserved 1097728K
  class space    used 7648K, capacity 8088K, committed 8192K, reserved 1048576K
}
Event: 30.207 GC heap before
{Heap before GC invocations=16 (full 2):
 PSYoungGen      total 132096K, used 72201K [0x00000000e0000000, 0x00000000ec580000, 0x0000000100000000)
  eden space 114176K, 47% used [0x00000000e0000000,0x00000000e3508718,0x00000000e6f80000)
  from space 17920K, 99% used [0x00000000e6f80000,0x00000000e80fa060,0x00000000e8100000)
  to   space 23552K, 0% used [0x00000000eae80000,0x00000000eae80000,0x00000000ec580000)
 ParOldGen       total 98304K, used 33463K [0x00000000a0000000, 0x00000000a6000000, 0x00000000e0000000)
  object space 98304K, 34% used [0x00000000a0000000,0x00000000a20adea8,0x00000000a6000000)
 Metaspace       used 56871K, capacity 58924K, committed 59028K, reserved 1099776K
  class space    used 7809K, capacity 8345K, committed 8448K, reserved 1048576K
Event: 30.259 GC heap after
Heap after GC invocations=16 (full 2):
 PSYoungGen      total 178176K, used 15303K [0x00000000e0000000, 0x00000000ec600000, 0x0000000100000000)
  eden space 154624K, 0% used [0x00000000e0000000,0x00000000e0000000,0x00000000e9700000)
  from space 23552K, 64% used [0x00000000eae80000,0x00000000ebd71c40,0x00000000ec580000)
  to   space 24064K, 0% used [0x00000000e9700000,0x00000000e9700000,0x00000000eae80000)
 ParOldGen       total 98304K, used 38901K [0x00000000a0000000, 0x00000000a6000000, 0x00000000e0000000)
  object space 98304K, 39% used [0x00000000a0000000,0x00000000a25fd550,0x00000000a6000000)
 Metaspace       used 56871K, capacity 58924K, committed 59028K, reserved 1099776K
  class space    used 7809K, capacity 8345K, committed 8448K, reserved 1048576K
}
Event: 30.259 GC heap before
{Heap before GC invocations=17 (full 3):
 PSYoungGen      total 178176K, used 15303K [0x00000000e0000000, 0x00000000ec600000, 0x0000000100000000)
  eden space 154624K, 0% used [0x00000000e0000000,0x00000000e0000000,0x00000000e9700000)
  from space 23552K, 64% used [0x00000000eae80000,0x00000000ebd71c40,0x00000000ec580000)
  to   space 24064K, 0% used [0x00000000e9700000,0x00000000e9700000,0x00000000eae80000)
 ParOldGen       total 98304K, used 38901K [0x00000000a0000000, 0x00000000a6000000, 0x00000000e0000000)
  object space 98304K, 39% used [0x00000000a0000000,0x00000000a25fd550,0x00000000a6000000)
 Metaspace       used 56871K, capacity 58924K, committed 59028K, reserved 1099776K
  class space    used 7809K, capacity 8345K, committed 8448K, reserved 1048576K
Event: 30.675 GC heap after
Heap after GC invocations=17 (full 3):
 PSYoungGen      total 178176K, used 0K [0x00000000e0000000, 0x00000000ec600000, 0x0000000100000000)
  eden space 154624K, 0% used [0x00000000e0000000,0x00000000e0000000,0x00000000e9700000)
  from space 23552K, 0% used [0x00000000eae80000,0x00000000eae80000,0x00000000ec580000)
  to   space 24064K, 0% used [0x00000000e9700000,0x00000000e9700000,0x00000000eae80000)
 ParOldGen       total 153088K, used 44398K [0x00000000a0000000, 0x00000000a9580000, 0x00000000e0000000)
  object space 153088K, 29% used [0x00000000a0000000,0x00000000a2b5bbc0,0x00000000a9580000)
 Metaspace       used 56871K, capacity 58924K, committed 59028K, reserved 1099776K
  class space    used 7809K, capacity 8345K, committed 8448K, reserved 1048576K
}
Event: 63.466 GC heap before
{Heap before GC invocations=18 (full 3):
 PSYoungGen      total 178176K, used 154624K [0x00000000e0000000, 0x00000000ec600000, 0x0000000100000000)
  eden space 154624K, 100% used [0x00000000e0000000,0x00000000e9700000,0x00000000e9700000)
  from space 23552K, 0% used [0x00000000eae80000,0x00000000eae80000,0x00000000ec580000)
  to   space 24064K, 0% used [0x00000000e9700000,0x00000000e9700000,0x00000000eae80000)
 ParOldGen       total 153088K, used 44398K [0x00000000a0000000, 0x00000000a9580000, 0x00000000e0000000)
  object space 153088K, 29% used [0x00000000a0000000,0x00000000a2b5bbc0,0x00000000a9580000)
 Metaspace       used 62600K, capacity 64978K, committed 65152K, reserved 1105920K
  class space    used 8390K, capacity 8962K, committed 9088K, reserved 1048576K
Event: 63.494 GC heap after
Heap after GC invocations=18 (full 3):
 PSYoungGen      total 178688K, used 9207K [0x00000000e0000000, 0x00000000eeb00000, 0x0000000100000000)
  eden space 154624K, 0% used [0x00000000e0000000,0x00000000e0000000,0x00000000e9700000)
  from space 24064K, 38% used [0x00000000e9700000,0x00000000e9ffdc50,0x00000000eae80000)
  to   space 23040K, 0% used [0x00000000ed480000,0x00000000ed480000,0x00000000eeb00000)
 ParOldGen       total 153088K, used 44406K [0x00000000a0000000, 0x00000000a9580000, 0x00000000e0000000)
  object space 153088K, 29% used [0x00000000a0000000,0x00000000a2b5dbc0,0x00000000a9580000)
 Metaspace       used 62600K, capacity 64978K, committed 65152K, reserved 1105920K
  class space    used 8390K, capacity 8962K, committed 9088K, reserved 1048576K
}
Event: 77.996 GC heap before
{Heap before GC invocations=19 (full 3):
 PSYoungGen      total 178688K, used 163831K [0x00000000e0000000, 0x00000000eeb00000, 0x0000000100000000)
  eden space 154624K, 100% used [0x00000000e0000000,0x00000000e9700000,0x00000000e9700000)
  from space 24064K, 38% used [0x00000000e9700000,0x00000000e9ffdc50,0x00000000eae80000)
  to   space 23040K, 0% used [0x00000000ed480000,0x00000000ed480000,0x00000000eeb00000)
 ParOldGen       total 153088K, used 44406K [0x00000000a0000000, 0x00000000a9580000, 0x00000000e0000000)
  object space 153088K, 29% used [0x00000000a0000000,0x00000000a2b5dbc0,0x00000000a9580000)
 Metaspace       used 68407K, capacity 70910K, committed 71040K, reserved 1110016K
  class space    used 9006K, capacity 9596K, committed 9600K, reserved 1048576K
Event: 78.046 GC heap after
Heap after GC invocations=19 (full 3):
 PSYoungGen      total 212992K, used 21183K [0x00000000e0000000, 0x00000000eeb80000, 0x0000000100000000)
  eden space 189952K, 0% used [0x00000000e0000000,0x00000000e0000000,0x00000000eb980000)
  from space 23040K, 91% used [0x00000000ed480000,0x00000000ee92ff08,0x00000000eeb00000)
  to   space 25600K, 0% used [0x00000000eb980000,0x00000000eb980000,0x00000000ed280000)
 ParOldGen       total 153088K, used 44414K [0x00000000a0000000, 0x00000000a9580000, 0x00000000e0000000)
  object space 153088K, 29% used [0x00000000a0000000,0x00000000a2b5fbc0,0x00000000a9580000)
 Metaspace       used 68407K, capacity 70910K, committed 71040K, reserved 1110016K
  class space    used 9006K, capacity 9596K, committed 9600K, reserved 1048576K
}

