# JRE version: OpenJDK Runtime Environment (8.0_152-b02) (build 1.8.0_152-release-1024-b02)
# Java VM: OpenJDK 64-Bit Server VM (25.152-b02 mixed mode windows-amd64 compressed oops)
Heap:
 PSYoungGen      total 73728K, used 48422K [0x00000000e0000000, 0x00000000e5980000, 0x0000000100000000)
  eden space 62976K, 76% used [0x00000000e0000000,0x00000000e2f49ad0,0x00000000e3d80000)
  from space 10752K, 0% used [0x00000000e4800000,0x00000000e4800000,0x00000000e5280000)
  to   space 10752K, 0% used [0x00000000e3d80000,0x00000000e3d80000,0x00000000e4800000)
 ParOldGen       total 98304K, used 14320K [0x00000000a0000000, 0x00000000a6000000, 0x00000000e0000000)
  object space 98304K, 14% used [0x00000000a0000000,0x00000000a0dfc3e8,0x00000000a6000000)
 Metaspace       used 36860K, capacity 37518K, committed 37720K, reserved 1081344K
  class space    used 5035K, capacity 5237K, committed 5248K, reserved 1048576K
GC Heap History (10 events):
Event: 16.181 GC heap before
{Heap before GC invocations=8 (full 1):
 PSYoungGen      total 42496K, used 36824K [0x00000000e0000000, 0x00000000e4200000, 0x0000000100000000)
  eden space 32768K, 100% used [0x00000000e0000000,0x00000000e2000000,0x00000000e2000000)
  from space 9728K, 41% used [0x00000000e2980000,0x00000000e2d763f0,0x00000000e3300000)
  to   space 9728K, 0% used [0x00000000e2000000,0x00000000e2000000,0x00000000e2980000)
 ParOldGen       total 63488K, used 7821K [0x00000000a0000000, 0x00000000a3e00000, 0x00000000e0000000)
  object space 63488K, 12% used [0x00000000a0000000,0x00000000a07a3710,0x00000000a3e00000)
 Metaspace       used 26657K, capacity 27184K, committed 27392K, reserved 1073152K
  class space    used 3673K, capacity 3833K, committed 3840K, reserved 1048576K
Event: 16.191 GC heap after
Heap after GC invocations=8 (full 1):
 PSYoungGen      total 42496K, used 4959K [0x00000000e0000000, 0x00000000e4180000, 0x0000000100000000)
  eden space 32768K, 0% used [0x00000000e0000000,0x00000000e0000000,0x00000000e2000000)
  from space 9728K, 50% used [0x00000000e2000000,0x00000000e24d7df0,0x00000000e2980000)
  to   space 9728K, 0% used [0x00000000e3800000,0x00000000e3800000,0x00000000e4180000)
 ParOldGen       total 63488K, used 7829K [0x00000000a0000000, 0x00000000a3e00000, 0x00000000e0000000)
  object space 63488K, 12% used [0x00000000a0000000,0x00000000a07a5710,0x00000000a3e00000)
 Metaspace       used 26657K, capacity 27184K, committed 27392K, reserved 1073152K
  class space    used 3673K, capacity 3833K, committed 3840K, reserved 1048576K
}
Event: 17.179 GC heap before
{Heap before GC invocations=9 (full 1):
 PSYoungGen      total 42496K, used 37727K [0x00000000e0000000, 0x00000000e4180000, 0x0000000100000000)
  eden space 32768K, 100% used [0x00000000e0000000,0x00000000e2000000,0x00000000e2000000)
  from space 9728K, 50% used [0x00000000e2000000,0x00000000e24d7df0,0x00000000e2980000)
  to   space 9728K, 0% used [0x00000000e3800000,0x00000000e3800000,0x00000000e4180000)
 ParOldGen       total 63488K, used 7829K [0x00000000a0000000, 0x00000000a3e00000, 0x00000000e0000000)
  object space 63488K, 12% used [0x00000000a0000000,0x00000000a07a5710,0x00000000a3e00000)
 Metaspace       used 28619K, capacity 29104K, committed 29312K, reserved 1075200K
  class space    used 4009K, capacity 4153K, committed 4224K, reserved 1048576K
Event: 17.190 GC heap after
Heap after GC invocations=9 (full 1):
 PSYoungGen      total 57344K, used 5966K [0x00000000e0000000, 0x00000000e4100000, 0x0000000100000000)
  eden space 48128K, 0% used [0x00000000e0000000,0x00000000e0000000,0x00000000e2f00000)
  from space 9216K, 64% used [0x00000000e3800000,0x00000000e3dd38f8,0x00000000e4100000)
  to   space 9216K, 0% used [0x00000000e2f00000,0x00000000e2f00000,0x00000000e3800000)
 ParOldGen       total 63488K, used 7837K [0x00000000a0000000, 0x00000000a3e00000, 0x00000000e0000000)
  object space 63488K, 12% used [0x00000000a0000000,0x00000000a07a7710,0x00000000a3e00000)
 Metaspace       used 28619K, capacity 29104K, committed 29312K, reserved 1075200K
  class space    used 4009K, capacity 4153K, committed 4224K, reserved 1048576K
}
Event: 20.780 GC heap before
{Heap before GC invocations=10 (full 1):
 PSYoungGen      total 57344K, used 54094K [0x00000000e0000000, 0x00000000e4100000, 0x0000000100000000)
  eden space 48128K, 100% used [0x00000000e0000000,0x00000000e2f00000,0x00000000e2f00000)
  from space 9216K, 64% used [0x00000000e3800000,0x00000000e3dd38f8,0x00000000e4100000)
  to   space 9216K, 0% used [0x00000000e2f00000,0x00000000e2f00000,0x00000000e3800000)
 ParOldGen       total 63488K, used 7837K [0x00000000a0000000, 0x00000000a3e00000, 0x00000000e0000000)
  object space 63488K, 12% used [0x00000000a0000000,0x00000000a07a7710,0x00000000a3e00000)
 Metaspace       used 33654K, capacity 34262K, committed 34432K, reserved 1079296K
  class space    used 4686K, capacity 4897K, committed 4992K, reserved 1048576K
Event: 20.829 GC heap after
Heap after GC invocations=10 (full 1):
 PSYoungGen      total 57344K, used 9201K [0x00000000e0000000, 0x00000000e5280000, 0x0000000100000000)
  eden space 48128K, 0% used [0x00000000e0000000,0x00000000e0000000,0x00000000e2f00000)
  from space 9216K, 99% used [0x00000000e2f00000,0x00000000e37fc7a0,0x00000000e3800000)
  to   space 10752K, 0% used [0x00000000e4800000,0x00000000e4800000,0x00000000e5280000)
 ParOldGen       total 63488K, used 8523K [0x00000000a0000000, 0x00000000a3e00000, 0x00000000e0000000)
  object space 63488K, 13% used [0x00000000a0000000,0x00000000a0852ff0,0x00000000a3e00000)
 Metaspace       used 33654K, capacity 34262K, committed 34432K, reserved 1079296K
  class space    used 4686K, capacity 4897K, committed 4992K, reserved 1048576K
}
Event: 21.650 GC heap before
{Heap before GC invocations=11 (full 1):
 PSYoungGen      total 57344K, used 15448K [0x00000000e0000000, 0x00000000e5280000, 0x0000000100000000)
  eden space 48128K, 12% used [0x00000000e0000000,0x00000000e0619be0,0x00000000e2f00000)
  from space 9216K, 99% used [0x00000000e2f00000,0x00000000e37fc7a0,0x00000000e3800000)
  to   space 10752K, 0% used [0x00000000e4800000,0x00000000e4800000,0x00000000e5280000)
 ParOldGen       total 63488K, used 8523K [0x00000000a0000000, 0x00000000a3e00000, 0x00000000e0000000)
  object space 63488K, 13% used [0x00000000a0000000,0x00000000a0852ff0,0x00000000a3e00000)
 Metaspace       used 34755K, capacity 35310K, committed 35416K, reserved 1079296K
  class space    used 4788K, capacity 4971K, committed 4992K, reserved 1048576K
Event: 21.724 GC heap after
Heap after GC invocations=11 (full 1):
 PSYoungGen      total 73728K, used 7840K [0x00000000e0000000, 0x00000000e5980000, 0x0000000100000000)
  eden space 62976K, 0% used [0x00000000e0000000,0x00000000e0000000,0x00000000e3d80000)
  from space 10752K, 72% used [0x00000000e4800000,0x00000000e4fa8300,0x00000000e5280000)
  to   space 10752K, 0% used [0x00000000e3d80000,0x00000000e3d80000,0x00000000e4800000)
 ParOldGen       total 63488K, used 8531K [0x00000000a0000000, 0x00000000a3e00000, 0x00000000e0000000)
  object space 63488K, 13% used [0x00000000a0000000,0x00000000a0854ff0,0x00000000a3e00000)
 Metaspace       used 34755K, capacity 35310K, committed 35416K, reserved 1079296K
  class space    used 4788K, capacity 4971K, committed 4992K, reserved 1048576K
}
Event: 21.724 GC heap before
{Heap before GC invocations=12 (full 2):
 PSYoungGen      total 73728K, used 7840K [0x00000000e0000000, 0x00000000e5980000, 0x0000000100000000)
  eden space 62976K, 0% used [0x00000000e0000000,0x00000000e0000000,0x00000000e3d80000)
  from space 10752K, 72% used [0x00000000e4800000,0x00000000e4fa8300,0x00000000e5280000)
  to   space 10752K, 0% used [0x00000000e3d80000,0x00000000e3d80000,0x00000000e4800000)
 ParOldGen       total 63488K, used 8531K [0x00000000a0000000, 0x00000000a3e00000, 0x00000000e0000000)
  object space 63488K, 13% used [0x00000000a0000000,0x00000000a0854ff0,0x00000000a3e00000)
 Metaspace       used 34755K, capacity 35310K, committed 35416K, reserved 1079296K
  class space    used 4788K, capacity 4971K, committed 4992K, reserved 1048576K
Event: 22.306 GC heap after
Heap after GC invocations=12 (full 2):
 PSYoungGen      total 73728K, used 0K [0x00000000e0000000, 0x00000000e5980000, 0x0000000100000000)
  eden space 62976K, 0% used [0x00000000e0000000,0x00000000e0000000,0x00000000e3d80000)
  from space 10752K, 0% used [0x00000000e4800000,0x00000000e4800000,0x00000000e5280000)
  to   space 10752K, 0% used [0x00000000e3d80000,0x00000000e3d80000,0x00000000e4800000)
 ParOldGen       total 98304K, used 14320K [0x00000000a0000000, 0x00000000a6000000, 0x00000000e0000000)
  object space 98304K, 14% used [0x00000000a0000000,0x00000000a0dfc3e8,0x00000000a6000000)
 Metaspace       used 34755K, capacity 35310K, committed 35416K, reserved 1079296K
  class space    used 4788K, capacity 4971K, committed 4992K, reserved 1048576K
}

